[09-Apr-2025 19:33:19 Europe/Berlin] PHP Warning:  Undefined variable $conn in C:\xampp\htdocs\Proton\backend\actions\upload_user_image.php on line 66
[09-Apr-2025 19:33:19 Europe/Berlin] PHP Fatal error:  Uncaught Error: Call to a member function prepare() on null in C:\xampp\htdocs\Proton\backend\actions\upload_user_image.php:66
Stack trace:
#0 {main}
  thrown in C:\xampp\htdocs\Proton\backend\actions\upload_user_image.php on line 66
[09-Apr-2025 19:34:19 Europe/Berlin] PHP Warning:  Undefined variable $conn in C:\xampp\htdocs\Proton\backend\actions\upload_user_image.php on line 66
[09-Apr-2025 19:34:19 Europe/Berlin] PHP Fatal error:  Uncaught Error: Call to a member function prepare() on null in C:\xampp\htdocs\Proton\backend\actions\upload_user_image.php:66
Stack trace:
#0 {main}
  thrown in C:\xampp\htdocs\Proton\backend\actions\upload_user_image.php on line 66
[09-Apr-2025 19:37:12 Europe/Berlin] PHP Warning:  Undefined variable $conn in C:\xampp\htdocs\Proton\backend\actions\upload_user_image.php on line 66
[09-Apr-2025 19:37:12 Europe/Berlin] PHP Fatal error:  Uncaught Error: Call to a member function prepare() on null in C:\xampp\htdocs\Proton\backend\actions\upload_user_image.php:66
Stack trace:
#0 {main}
  thrown in C:\xampp\htdocs\Proton\backend\actions\upload_user_image.php on line 66
[09-Apr-2025 19:37:29 Europe/Berlin] PHP Warning:  Undefined variable $conn in C:\xampp\htdocs\Proton\backend\actions\upload_user_image.php on line 66
[09-Apr-2025 19:37:29 Europe/Berlin] PHP Fatal error:  Uncaught Error: Call to a member function prepare() on null in C:\xampp\htdocs\Proton\backend\actions\upload_user_image.php:66
Stack trace:
#0 {main}
  thrown in C:\xampp\htdocs\Proton\backend\actions\upload_user_image.php on line 66
[09-Apr-2025 19:37:57 Europe/Berlin] PHP Warning:  Undefined variable $conn in C:\xampp\htdocs\Proton\backend\actions\upload_user_image.php on line 66
[09-Apr-2025 19:37:57 Europe/Berlin] PHP Fatal error:  Uncaught Error: Call to a member function prepare() on null in C:\xampp\htdocs\Proton\backend\actions\upload_user_image.php:66
Stack trace:
#0 {main}
  thrown in C:\xampp\htdocs\Proton\backend\actions\upload_user_image.php on line 66
[09-Apr-2025 19:38:32 Europe/Berlin] PHP Warning:  Undefined variable $conn in C:\xampp\htdocs\Proton\backend\actions\upload_user_image.php on line 66
[09-Apr-2025 19:38:32 Europe/Berlin] PHP Fatal error:  Uncaught Error: Call to a member function prepare() on null in C:\xampp\htdocs\Proton\backend\actions\upload_user_image.php:66
Stack trace:
#0 {main}
  thrown in C:\xampp\htdocs\Proton\backend\actions\upload_user_image.php on line 66
[09-Apr-2025 19:44:49 Europe/Berlin] PHP Warning:  Undefined variable $conn in C:\xampp\htdocs\Proton\backend\actions\upload_user_image.php on line 66
[09-Apr-2025 19:44:49 Europe/Berlin] PHP Fatal error:  Uncaught Error: Call to a member function prepare() on null in C:\xampp\htdocs\Proton\backend\actions\upload_user_image.php:66
Stack trace:
#0 {main}
  thrown in C:\xampp\htdocs\Proton\backend\actions\upload_user_image.php on line 66
[09-Apr-2025 19:47:10 Europe/Berlin] PHP Warning:  Undefined variable $conn in C:\xampp\htdocs\Proton\backend\actions\upload_user_image.php on line 66
[09-Apr-2025 19:47:10 Europe/Berlin] PHP Fatal error:  Uncaught Error: Call to a member function prepare() on null in C:\xampp\htdocs\Proton\backend\actions\upload_user_image.php:66
Stack trace:
#0 {main}
  thrown in C:\xampp\htdocs\Proton\backend\actions\upload_user_image.php on line 66
[09-Apr-2025 19:51:49 Europe/Berlin] PHP Warning:  Undefined variable $conn in C:\xampp\htdocs\Proton\backend\actions\upload_user_image.php on line 66
[09-Apr-2025 19:51:49 Europe/Berlin] PHP Fatal error:  Uncaught Error: Call to a member function prepare() on null in C:\xampp\htdocs\Proton\backend\actions\upload_user_image.php:66
Stack trace:
#0 {main}
  thrown in C:\xampp\htdocs\Proton\backend\actions\upload_user_image.php on line 66
[09-Apr-2025 19:53:08 Europe/Berlin] PHP Warning:  Undefined variable $conn in C:\xampp\htdocs\Proton\backend\actions\upload_user_image.php on line 66
[09-Apr-2025 19:53:08 Europe/Berlin] PHP Fatal error:  Uncaught Error: Call to a member function prepare() on null in C:\xampp\htdocs\Proton\backend\actions\upload_user_image.php:66
Stack trace:
#0 {main}
  thrown in C:\xampp\htdocs\Proton\backend\actions\upload_user_image.php on line 66
