[09-Apr-2025 19:54:42 Europe/Berlin] Intentando mover archivo a: C:\xampp\htdocs\Proton\backend\uploads\67f6b462c6b1d.jpg
[09-Apr-2025 19:55:30 Europe/Berlin] Intentando mover archivo a: C:\xampp\htdocs\Proton\backend\uploads\67f6b49231a07.jpg
[09-Apr-2025 19:58:54 Europe/Berlin] Intentando mover archivo a: C:\xampp\htdocs\Proton\backend\uploads\67f6b55e44705.jpg
[09-Apr-2025 23:10:31 Europe/Berlin] Intentando mover archivo a: C:\xampp\htdocs\Proton\backend\uploads\67f6e247c72c7.jpg
[09-Apr-2025 23:11:08 Europe/Berlin] Intentando mover archivo a: C:\xampp\htdocs\Proton\backend\uploads\67f6e26c1235d.jpg
[10-Apr-2025 05:07:32 Europe/Berlin] Intentando mover archivo a: C:\xampp\htdocs\Proton\backend\uploads\67f735f4dbe67.jpg
[10-Apr-2025 05:08:18 Europe/Berlin] Intentando mover archivo a: C:\xampp\htdocs\Proton\backend\uploads\67f736228bf56.jpg
[06-Aug-2025 03:52:03 Europe/Berlin] Intentando mover archivo a: C:\xampp\htdocs\Proton\backend\uploads\6892b543ed202.png
[06-Aug-2025 04:21:37 Europe/Berlin] Intentando mover archivo a: C:\xampp\htdocs\Proton\backend\uploads\6892bc318a6f0.png
[07-Aug-2025 05:14:07 Europe/Berlin] Intentando mover archivo a: C:\xampp\htdocs\Proton\backend\uploads\689419ff24df1.png
[07-Aug-2025 05:16:44 Europe/Berlin] Intentando mover archivo a: C:\xampp\htdocs\Proton\backend\uploads\68941a9ca58ba.png
[19-Aug-2025 01:47:08 Europe/Berlin] Inicio subida imagen para petId: 1
[19-Aug-2025 01:47:08 Europe/Berlin] Archivo recibido: Array
(
    [name] => 5 Non-Basic Tattoos I Will Be Adding To My Canvas ASAP.jpeg
    [full_path] => 5 Non-Basic Tattoos I Will Be Adding To My Canvas ASAP.jpeg
    [type] => image/jpeg
    [tmp_name] => C:\xampp\tmp\php179F.tmp
    [error] => 0
    [size] => 144215
)

[19-Aug-2025 01:47:08 Europe/Berlin] Guardando archivo en: C:\xampp\htdocs\Proton\backend\uploads\petimg_68a3bb7cbc69a1.81516017.jpeg
[19-Aug-2025 01:47:08 Europe/Berlin] Imagen subida y DB actualizada correctamente para petId 1
[19-Aug-2025 01:59:16 Europe/Berlin] Intentando mover archivo a: C:\xampp\htdocs\Proton\backend\uploads\68a3be54340f0.jpg
[19-Aug-2025 02:01:44 Europe/Berlin] Inicio subida imagen para petId: 2
[19-Aug-2025 02:01:44 Europe/Berlin] Archivo recibido: Array
(
    [name] => WhatsApp Image 2025-08-12 at 11.11.22.jpeg
    [full_path] => WhatsApp Image 2025-08-12 at 11.11.22.jpeg
    [type] => image/jpeg
    [tmp_name] => C:\xampp\tmp\php7487.tmp
    [error] => 0
    [size] => 176266
)

[19-Aug-2025 02:01:44 Europe/Berlin] Guardando archivo en: C:\xampp\htdocs\Proton\backend\uploads\petimg_68a3bee8804b36.18278503.jpeg
[19-Aug-2025 02:01:44 Europe/Berlin] Imagen subida y DB actualizada correctamente para petId 2
[19-Aug-2025 23:40:06 Europe/Berlin] Inicio subida imagen para petId: 2
[19-Aug-2025 23:40:06 Europe/Berlin] Archivo recibido: Array
(
    [name] => WhatsApp Image 2025-08-12 at 22.08.40.jpeg
    [full_path] => WhatsApp Image 2025-08-12 at 22.08.40.jpeg
    [type] => image/jpeg
    [tmp_name] => C:\xampp\tmp\phpC67E.tmp
    [error] => 0
    [size] => 165369
)

[19-Aug-2025 23:40:06 Europe/Berlin] Guardando archivo en: C:\xampp\htdocs\Proton\backend\uploads\petimg_68a4ef3691be91.12530319.jpeg
[19-Aug-2025 23:40:06 Europe/Berlin] Imagen subida y DB actualizada correctamente para petId 2
[23-Aug-2025 03:35:19 Europe/Berlin] Inicio subida imagen para petId: 3
[23-Aug-2025 03:35:19 Europe/Berlin] Archivo recibido: Array
(
    [name] => WhatsApp Image 2025-08-13 at 11.19.19.jpeg
    [full_path] => WhatsApp Image 2025-08-13 at 11.19.19.jpeg
    [type] => image/jpeg
    [tmp_name] => C:\xampp\tmp\phpAFD4.tmp
    [error] => 0
    [size] => 64027
)

[23-Aug-2025 03:35:19 Europe/Berlin] Guardando archivo en: C:\xampp\htdocs\Proton\backend\uploads\petimg_68a91ad771d521.41248545.jpeg
[23-Aug-2025 03:35:19 Europe/Berlin] Imagen subida y DB actualizada correctamente para petId 3
[23-Aug-2025 03:47:17 Europe/Berlin] Intentando mover archivo a: C:\xampp\htdocs\Proton\backend\uploads\68a91da564e04.jpeg
[23-Aug-2025 03:47:28 Europe/Berlin] Intentando mover archivo a: C:\xampp\htdocs\Proton\backend\uploads\68a91db0a84a4.png
[23-Aug-2025 03:47:45 Europe/Berlin] Intentando mover archivo a: C:\xampp\htdocs\Proton\backend\uploads\68a91dc1cd15f.jpeg
[24-Aug-2025 22:09:07 Europe/Berlin] Intentando mover archivo a: C:\xampp\htdocs\Proton\backend\uploads\68ab716342dd7.png
[24-Aug-2025 22:16:50 Europe/Berlin] Intentando mover archivo a: C:\xampp\htdocs\Proton\backend\uploads\68ab7332d41cc.png
[27-Aug-2025 00:21:56 Europe/Berlin] Intentando mover archivo a: C:\xampp\htdocs\Proton\backend\uploads\68ae338416220.png
[20-Sep-2025 04:44:44 Europe/Berlin] Intentando mover archivo a: C:\xampp\htdocs\Proton\backend\uploads\68ce151c02a8a.png
[21-Sep-2025 00:55:44 Europe/Berlin] Intentando mover archivo a: C:\xampp\htdocs\Proton\backend\uploads\68cf30f00d962.jpg
[24-Sep-2025 03:40:02 Europe/Berlin] Intentando mover archivo a: C:\xampp\htdocs\Proton\backend\uploads\68d34bf2c578c.png
[24-Sep-2025 04:28:27 Europe/Berlin] Imagen subida exitosamente para usuario 42: img_68d3574b029c8.png
[24-Sep-2025 04:29:18 Europe/Berlin] Imagen subida exitosamente para usuario 43: img_68d3577e923a9.png
[24-Sep-2025 04:40:22 Europe/Berlin] ERROR en upload_user_image.php: Solo se permiten imágenes JPEG y PNG. Tipo recibido: image/webp en C:\xampp\htdocs\Proton\backend\actions\upload_user_image.php:86
[24-Sep-2025 04:41:34 Europe/Berlin] ERROR en upload_user_image.php: Solo se permiten imágenes JPEG y PNG. Tipo recibido: image/webp en C:\xampp\htdocs\Proton\backend\actions\upload_user_image.php:86
[24-Sep-2025 04:42:15 Europe/Berlin] Imagen subida exitosamente para usuario 46: img_68d35a87e9a96.jpg
[24-Sep-2025 04:42:48 Europe/Berlin] Imagen subida exitosamente para usuario 47: img_68d35aa867e1d.jpg
[24-Sep-2025 17:11:59 Europe/Berlin] Imagen subida exitosamente para usuario 71: img_68d40a3f25831.jpg
[24-Sep-2025 17:12:57 Europe/Berlin] Imagen subida exitosamente para usuario 72: img_68d40a791c4fe.jpg
[24-Sep-2025 17:24:39 Europe/Berlin] Imagen subida exitosamente para usuario 74: img_68d40d374e673.png
[24-Sep-2025 17:31:31 Europe/Berlin] Imagen subida exitosamente para usuario 75: img_68d40ed341f9a.png
[24-Sep-2025 17:32:15 Europe/Berlin] Imagen subida exitosamente para usuario 76: img_68d40eff12d0b.png
[24-Sep-2025 17:39:07 Europe/Berlin] Imagen subida exitosamente para usuario 77: img_68d4109b48fb5.jpg
[24-Sep-2025 17:47:16 Europe/Berlin] Imagen subida exitosamente para usuario 78: img_68d41284d3085.png
[24-Sep-2025 22:46:41 Europe/Berlin] Imagen subida exitosamente para usuario 79: img_68d458b1e8804.png
[25-Sep-2025 02:04:43 Europe/Berlin] Imagen subida exitosamente para usuario 80: img_68d4871b1fb67.png
[10-Nov-2025 21:47:33 Europe/Berlin] Imagen subida exitosamente para usuario 32: img_69124f65af771.jpg
[10-Nov-2025 22:47:23 Europe/Berlin] Imagen subida exitosamente para usuario 84: img_69125d6b02e66.png
[23-Nov-2025 14:29:17 Europe/Berlin] ERROR en upload_user_image.php: Solo se permiten imágenes JPEG y PNG. Tipo recibido: image/webp en C:\xampp\htdocs\Proton\backend\actions\upload_user_image.php:86
[03-Dec-2025 00:43:55 Europe/Berlin] ERROR en upload_user_image.php: Solo se permiten imágenes JPEG y PNG. Tipo recibido: image/webp en C:\xampp\htdocs\Proton\backend\actions\upload_user_image.php:86
[03-Dec-2025 00:45:05 Europe/Berlin] ERROR en upload_user_image.php: Solo se permiten imágenes JPEG y PNG. Tipo recibido: image/webp en C:\xampp\htdocs\Proton\backend\actions\upload_user_image.php:86
[03-Dec-2025 00:46:27 Europe/Berlin] ERROR en upload_user_image.php: Solo se permiten imágenes JPEG y PNG. Tipo recibido: image/webp en C:\xampp\htdocs\Proton\backend\actions\upload_user_image.php:83
[03-Dec-2025 00:46:38 Europe/Berlin] Imagen subida exitosamente para usuario 32: img_692f7a5e6749f.jpg
[03-Dec-2025 00:47:49 Europe/Berlin] Imagen subida exitosamente para usuario 32: img_692f7aa555c8b.jpg
[03-Dec-2025 17:04:52 Europe/Berlin] Imagen subida exitosamente para usuario 32: img_69305fa4174fe.png
[03-Dec-2025 17:10:23 Europe/Berlin] ERROR en upload_user_image.php: Solo se permiten imágenes JPEG y PNG. Tipo recibido: image/webp en C:\xampp\htdocs\Proton\backend\actions\upload_user_image.php:83
[07-Dec-2025 02:00:49 Europe/Berlin] Imagen subida exitosamente para usuario 88: img_6934d1c1b09cb.png
[10-Dec-2025 02:50:26 Europe/Berlin] Imagen subida exitosamente para usuario 39: img_6938d1e22af2e.png
[19-Dec-2025 01:27:38 Europe/Berlin] Imagen subida exitosamente para usuario 32: img_69449bfa54c8c.jpg
[19-Dec-2025 01:27:57 Europe/Berlin] Imagen subida exitosamente para usuario 32: img_69449c0dd1e22.jpg
[19-Dec-2025 01:41:51 Europe/Berlin] Inicio subida imagen para petId: 11
[19-Dec-2025 01:41:51 Europe/Berlin] Archivo recibido: Array
(
    [name] => perri.jpg
    [full_path] => perri.jpg
    [type] => image/jpeg
    [tmp_name] => C:\xampp\tmp\php340.tmp
    [error] => 0
    [size] => 20358
)

[19-Dec-2025 01:41:51 Europe/Berlin] Guardando archivo en: C:\xampp\htdocs\Proton\backend\uploads\petimg_69449f4f32d6d2.33067336.jpg
[19-Dec-2025 01:41:51 Europe/Berlin] Imagen subida y DB actualizada correctamente para petId 11
[19-Dec-2025 02:32:50 Europe/Berlin] Imagen subida exitosamente para usuario 32: img_6944ab4291cdc.jpeg
[19-Dec-2025 02:33:00 Europe/Berlin] Imagen subida exitosamente para usuario 32: img_6944ab4cc3b36.jpg
[19-Dec-2025 02:41:40 Europe/Berlin] Imagen subida exitosamente para usuario 32: img_6944ad5429741.jpg
[19-Dec-2025 02:50:25 Europe/Berlin] Imagen subida exitosamente para usuario 32: img_6944af617e8f1.jpg
[19-Dec-2025 04:55:36 Europe/Berlin] Imagen subida exitosamente para usuario 43: img_6944ccb8dd354.jpeg
[19-Dec-2025 05:00:14 Europe/Berlin] Imagen subida exitosamente para usuario 43: img_6944cdce2ece0.jpeg
[19-Dec-2025 05:01:22 Europe/Berlin] Inicio subida imagen para petId: 12
[19-Dec-2025 05:01:22 Europe/Berlin] Archivo recibido: Array
(
    [name] => images.png
    [full_path] => images.png
    [type] => image/png
    [tmp_name] => C:\xampp\tmp\phpAE28.tmp
    [error] => 0
    [size] => 12160
)

[19-Dec-2025 05:01:22 Europe/Berlin] Guardando archivo en: C:\xampp\htdocs\Proton\backend\uploads\petimg_6944ce1274f9d2.28951293.png
[19-Dec-2025 05:01:22 Europe/Berlin] Imagen subida y DB actualizada correctamente para petId 12
[19-Dec-2025 05:02:33 Europe/Berlin] Imagen subida exitosamente para usuario 43: img_6944ce592cb4b.jpg
[20-Dec-2025 01:32:43 Europe/Berlin] Inicio subida imagen para petId: 13
[20-Dec-2025 01:32:43 Europe/Berlin] Archivo recibido: Array
(
    [name] => perri.jpg
    [full_path] => perri.jpg
    [type] => image/jpeg
    [tmp_name] => C:\xampp\tmp\php899.tmp
    [error] => 0
    [size] => 20358
)

[20-Dec-2025 01:32:43 Europe/Berlin] Guardando archivo en: C:\xampp\htdocs\Proton\backend\uploads\petimg_6945eeab7c1b69.16443999.jpg
[20-Dec-2025 01:32:43 Europe/Berlin] Imagen subida y DB actualizada correctamente para petId 13
[20-Dec-2025 17:57:23 Europe/Berlin] Inicio subida imagen para petId: 14
[20-Dec-2025 17:57:23 Europe/Berlin] Archivo recibido: Array
(
    [name] => WhatsApp Image 2025-05-17 at 00.14.20.jpeg
    [full_path] => WhatsApp Image 2025-05-17 at 00.14.20.jpeg
    [type] => image/jpeg
    [tmp_name] => C:\xampp\tmp\php89D1.tmp
    [error] => 0
    [size] => 313327
)

[20-Dec-2025 17:57:23 Europe/Berlin] Guardando archivo en: C:\xampp\htdocs\Proton\backend\uploads\petimg_6946d57303dd93.19917935.jpeg
[20-Dec-2025 17:57:23 Europe/Berlin] Imagen subida y DB actualizada correctamente para petId 14
[20-Dec-2025 17:58:36 Europe/Berlin] Inicio subida imagen para petId: 15
[20-Dec-2025 17:58:36 Europe/Berlin] Archivo recibido: Array
(
    [name] => las 3.jpg
    [full_path] => las 3.jpg
    [type] => image/jpeg
    [tmp_name] => C:\xampp\tmp\phpA8EE.tmp
    [error] => 0
    [size] => 36286
)

[20-Dec-2025 17:58:36 Europe/Berlin] Guardando archivo en: C:\xampp\htdocs\Proton\backend\uploads\petimg_6946d5bc7e4cb7.21111173.jpg
[20-Dec-2025 17:58:36 Europe/Berlin] Imagen subida y DB actualizada correctamente para petId 15
[20-Dec-2025 18:05:36 Europe/Berlin] Inicio subida imagen para petId: 17
[20-Dec-2025 18:05:36 Europe/Berlin] Archivo recibido: Array
(
    [name] => hermosas-rosas-rojas.jpg
    [full_path] => hermosas-rosas-rojas.jpg
    [type] => image/jpeg
    [tmp_name] => C:\xampp\tmp\php1131.tmp
    [error] => 0
    [size] => 635463
)

[20-Dec-2025 18:05:36 Europe/Berlin] Guardando archivo en: C:\xampp\htdocs\Proton\backend\uploads\petimg_6946d760657b14.29623623.jpg
[20-Dec-2025 18:05:36 Europe/Berlin] Imagen subida y DB actualizada correctamente para petId 17
[20-Dec-2025 18:05:36 Europe/Berlin] Inicio subida imagen para petId: 16
[20-Dec-2025 18:05:36 Europe/Berlin] Archivo recibido: Array
(
    [name] => hermosas-rosas-rojas.jpg
    [full_path] => hermosas-rosas-rojas.jpg
    [type] => image/jpeg
    [tmp_name] => C:\xampp\tmp\php1142.tmp
    [error] => 0
    [size] => 635463
)

[20-Dec-2025 18:05:36 Europe/Berlin] Guardando archivo en: C:\xampp\htdocs\Proton\backend\uploads\petimg_6946d760699f35.07357668.jpg
[20-Dec-2025 18:05:36 Europe/Berlin] Imagen subida y DB actualizada correctamente para petId 16
[22-Dec-2025 23:09:37 Europe/Berlin] Imagen subida exitosamente para usuario 43: img_6949c1a1d69a6.jpg
